Arguments: 
  C:\Projetos\Ferramentas\nodejs\node.exe C:\Program Files (x86)\Yarn\bin\yarn.js add express

PATH: 
  C:\Projetos\Ferramentas\ConEmuPack.180626\ConEmu\Scripts;C:\Projetos\Ferramentas\ConEmuPack.180626;C:\Projetos\Ferramentas\ConEmuPack.180626\ConEmu;C:\Python27\;C:\Python27\Scripts;C:\Program Files\Docker\Docker\Resources\bin;C:\Program Files (x86)\Intel\iCLS Client\;C:\ProgramData\Oracle\Java\javapath;C:\Program Files\Intel\iCLS Client\;C:\WINDOWS\system32;C:\WINDOWS;C:\WINDOWS\System32\Wbem;C:\WINDOWS\System32\WindowsPowerShell\v1.0\;C:\Program Files\TortoiseGit\bin;C:\Program Files\TortoiseSVN\bin;C:\Program Files\Git\cmd;E:\Tools\php-5.6.31;E:\Tools\composer;C:\Program Files (x86)\Intel\Intel(R) Management Engine Components\DAL;C:\Program Files\Intel\Intel(R) Management Engine Components\DAL;C:\Program Files (x86)\Intel\Intel(R) Management Engine Components\IPT;C:\Program Files\Intel\Intel(R) Management Engine Components\IPT;C:\WINDOWS\System32\OpenSSH\;C:\Program Files (x86)\Microsoft SQL Server\Client SDK\ODBC\130\Tools\Binn\;C:\Program Files (x86)\Microsoft SQL Server\140\Tools\Binn\;C:\Program Files (x86)\Microsoft SQL Server\140\DTS\Binn\;C:\Program Files (x86)\Microsoft SQL Server\140\Tools\Binn\ManagementStudio\;C:\ProgramData\chocolatey\bin;C:\Projetos\Ferramentas\nodejs\;C:\Program Files (x86)\Yarn\bin\;C:\Users\eduardo\AppData\Local\Programs\Python\Python37-32\Scripts\;C:\Users\eduardo\AppData\Local\Programs\Python\Python37-32\;C:\Users\eduardo\AppData\Local\Microsoft\WindowsApps;C:\Program Files\Java\jdk1.8.0_121\bin;C:\Users\eduardo\AppData\Roaming\Composer\vendor\bin;C:\Program Files\Intel\WiFi\bin\;C:\Program Files\Common Files\Intel\WirelessCommon\;C:\Projetos\Ferramentas\VSCode-win32-x64-1.25.1\;C:\Program Files (x86)\Notepad++;C:\Exercism;C:\Projetos\Ferramentas\apache-maven-3.6.0\bin;C:\Projetos\Ferramentas\emporiodocesfinosapp-userdir\wkhtmltopdf\;C:\Users\eduardo\AppData\Roaming\npm;C:\Users\eduardo\AppData\Local\Yarn\bin;C:\Projetos\Ferramentas\Microsoft VS Code\bin

Yarn version: 
  1.15.2

Node version: 
  11.13.0

Platform: 
  win32 x64

Trace: 
  Error: https://registry.yarnpkg.com/express: tunneling socket could not be established, cause=getaddrinfo ENOTFOUND proxy.cflex.com.br proxy.cflex.com.br:8080
      at ClientRequest.onError (C:\Program Files (x86)\Yarn\lib\cli.js:141027:17)
      at Object.onceWrapper (events.js:281:20)
      at ClientRequest.emit (events.js:193:13)
      at Socket.socketErrorListener (_http_client.js:397:9)
      at Socket.emit (events.js:193:13)
      at emitErrorNT (internal/streams/destroy.js:91:8)
      at emitErrorAndCloseNT (internal/streams/destroy.js:59:3)
      at processTicksAndRejections (internal/process/task_queues.js:81:17)

npm manifest: 
  {
    "name": "backend",
    "version": "1.0.0",
    "main": "index.js",
    "license": "MIT"
  }

yarn manifest: 
  No manifest

Lockfile: 
  No lockfile
